<?xml version="1.0" encoding="UTF-8"?>
<!-- Generated by org.testng.reporters.JUnitXMLReporter -->
<testsuite ignored="0" hostname="LAPTOP-3VO362I5" failures="0" tests="5" name="Default test" time="0.043" errors="0" timestamp="25 Sep 2021 15:07:25 GMT">
  <testcase classname="TestNG_Demo.O" name="O2" time="0.01"/>
  <testcase classname="TestNG_Demo.O" name="O3" time="0.001"/>
  <testcase classname="TestNG_Demo.O" name="O4" time="0.0"/>
  <testcase classname="TestNG_Demo.O" name="O5" time="0.001"/>
  <testcase classname="TestNG_Demo.O" name="O6" time="0.002"/>
</testsuite> <!-- Default test -->
