<?xml version="1.0" encoding="UTF-8"?>
<!-- Generated by org.testng.reporters.JUnitXMLReporter -->
<testsuite ignored="0" hostname="LAPTOP-3VO362I5" failures="0" tests="18" name="Test" time="0.073" errors="0" timestamp="25 Sep 2021 16:25:41 GMT">
  <testcase classname="TestNG_Demo.M" name="M1" time="0.007"/>
  <testcase classname="TestNG_Demo.M" name="M2" time="0.0"/>
  <testcase classname="TestNG_Demo.M" name="M3" time="0.001"/>
  <testcase classname="TestNG_Demo.M" name="M4" time="0.0"/>
  <testcase classname="TestNG_Demo.M" name="M5" time="0.003"/>
  <testcase classname="TestNG_Demo.M" name="M6" time="0.002"/>
  <testcase classname="TestNG_Demo.N" name="N1" time="0.002"/>
  <testcase classname="TestNG_Demo.N" name="N2" time="0.001"/>
  <testcase classname="TestNG_Demo.N" name="N3" time="0.001"/>
  <testcase classname="TestNG_Demo.N" name="N4" time="0.001"/>
  <testcase classname="TestNG_Demo.N" name="N5" time="0.002"/>
  <testcase classname="TestNG_Demo.N" name="N6" time="0.002"/>
  <testcase classname="TestNG_Demo.O" name="O1" time="0.002"/>
  <testcase classname="TestNG_Demo.O" name="O2" time="0.0"/>
  <testcase classname="TestNG_Demo.O" name="O3" time="0.001"/>
  <testcase classname="TestNG_Demo.O" name="O4" time="0.001"/>
  <testcase classname="TestNG_Demo.O" name="O5" time="0.0"/>
  <testcase classname="TestNG_Demo.O" name="O6" time="0.002"/>
</testsuite> <!-- Test -->
